<?xml version="1.0" encoding="UTF-8"?>
<!-- Generated by org.testng.reporters.JUnitReportReporter -->
<testsuite hostname="Arkos-MacBook-Air.local" failures="0" tests="10" name="com.test.runner.commonTestRunner" time="0.080" errors="0" timestamp="2023-07-13T19:56:35 IST" skipped="0">
  <testcase classname="com.test.runner.commonTestRunner" name="runScenario" time="0.006"/>
  <testcase classname="com.test.runner.commonTestRunner" name="runScenario" time="0.038"/>
  <testcase classname="com.test.runner.commonTestRunner" name="runScenario" time="0.003"/>
  <testcase classname="com.test.runner.commonTestRunner" name="runScenario" time="0.005"/>
  <testcase classname="com.test.runner.commonTestRunner" name="runScenario" time="0.003"/>
  <testcase classname="com.test.runner.commonTestRunner" name="runScenario" time="0.005"/>
  <testcase classname="com.test.runner.commonTestRunner" name="runScenario" time="0.004"/>
  <testcase classname="com.test.runner.commonTestRunner" name="runScenario" time="0.005"/>
  <testcase classname="com.test.runner.commonTestRunner" name="runScenario" time="0.007"/>
  <testcase classname="com.test.runner.commonTestRunner" name="runScenario" time="0.004"/>
</testsuite> <!-- com.test.runner.commonTestRunner -->
