<?xml version="1.0" encoding="UTF-8"?>
<!-- Generated by org.testng.reporters.JUnitReportReporter -->
<testsuite hostname="Arkos-MacBook-Air.local" failures="0" tests="1" name="com.test.runner.commonRunner" time="0.037" errors="0" timestamp="2023-07-11T23:26:26 IST" skipped="0">
  <testcase classname="com.test.runner.commonRunner" name="runScenario" time="0.037"/>
</testsuite> <!-- com.test.runner.commonRunner -->
