<?xml version="1.0" encoding="UTF-8"?>
<!-- Generated by org.testng.reporters.JUnitReportReporter -->
<testsuite hostname="Arkos-MacBook-Air.local" failures="0" tests="1" name="com.test.runner.commonTestRunner" time="0.049" errors="0" timestamp="2023-07-11T23:34:27 IST" skipped="0">
  <testcase classname="com.test.runner.commonTestRunner" name="runScenario" time="0.049"/>
</testsuite> <!-- com.test.runner.commonTestRunner -->
