<?xml version="1.0" encoding="UTF-8"?>
<!-- Generated by org.testng.reporters.JUnitReportReporter -->
<testsuite hostname="Arkos-MacBook-Air.local" failures="0" tests="1" name="com.test.runner.commonTestRunner" time="0.041" errors="0" timestamp="2023-07-12T20:09:03 IST" skipped="0">
  <testcase classname="com.test.runner.commonTestRunner" name="runScenario" time="0.041"/>
</testsuite> <!-- com.test.runner.commonTestRunner -->
